{"numFailedTestSuites":0,"numFailedTests":0,"numPassedTestSuites":1,"numPassedTests":7,"numPendingTestSuites":0,"numPendingTests":0,"numRuntimeErrorTestSuites":0,"numTotalTestSuites":1,"numTotalTests":7,"snapshot":{"added":0,"didUpdate":false,"failure":false,"filesAdded":0,"filesRemoved":0,"filesUnmatched":0,"filesUpdated":0,"matched":1,"total":1,"unchecked":0,"uncheckedKeys":[],"unmatched":0,"updated":0},"startTime":1527689581776,"success":true,"testResults":[{"assertionResults":[{"ancestorTitles":[],"failureMessages":[],"fullName":"mounts empty, renders null","location":null,"status":"passed","title":"mounts empty, renders null"},{"ancestorTitles":[],"failureMessages":[],"fullName":"renders with valid props and data is displayed","location":null,"status":"passed","title":"renders with valid props and data is displayed"},{"ancestorTitles":[],"failureMessages":[],"fullName":"renders with valid props and moves forward","location":null,"status":"passed","title":"renders with valid props and moves forward"},{"ancestorTitles":[],"failureMessages":[],"fullName":"renders with valid props and moves backward","location":null,"status":"passed","title":"renders with valid props and moves backward"},{"ancestorTitles":[],"failureMessages":[],"fullName":"renders with valid props and gets to the end","location":null,"status":"passed","title":"renders with valid props and gets to the end"},{"ancestorTitles":[],"failureMessages":[],"fullName":"renders with valid props and calls onFinish when gets to the end","location":null,"status":"passed","title":"renders with valid props and calls onFinish when gets to the end"},{"ancestorTitles":[],"failureMessages":[],"fullName":"renders with valid props and uses top navigation","location":null,"status":"passed","title":"renders with valid props and uses top navigation"}],"endTime":1527689589873,"message":"","name":"C:\\Users\\ediaz\\Documents\\newart\\src\\components\\InstallSteps\\__tests__\\index.test.jsx","startTime":1527689581814,"status":"passed","summary":""}],"wasInterrupted":false}