{"numFailedTestSuites":0,"numFailedTests":0,"numPassedTestSuites":3,"numPassedTests":10,"numPendingTestSuites":0,"numPendingTests":0,"numRuntimeErrorTestSuites":0,"numTotalTestSuites":3,"numTotalTests":10,"snapshot":{"added":0,"didUpdate":false,"failure":false,"filesAdded":0,"filesRemoved":0,"filesUnmatched":0,"filesUpdated":0,"matched":6,"total":6,"unchecked":0,"uncheckedKeys":[],"unmatched":0,"updated":0},"startTime":1527789289711,"success":true,"testResults":[{"assertionResults":[{"ancestorTitles":[],"failureMessages":[],"fullName":"renders empty","location":null,"status":"passed","title":"renders empty"},{"ancestorTitles":[],"failureMessages":[],"fullName":"renders something inside","location":null,"status":"passed","title":"renders something inside"},{"ancestorTitles":[],"failureMessages":[],"fullName":"does expand","location":null,"status":"passed","title":"does expand"}],"endTime":1527789294364,"message":"","name":"C:\\Users\\ediaz\\Documents\\llibreria\\test\\components\\Agreement\\Expandable\\index.test.js","startTime":1527789293033,"status":"passed","summary":""},{"assertionResults":[{"ancestorTitles":[],"failureMessages":[],"fullName":"mounts empty, renders null","location":null,"status":"passed","title":"mounts empty, renders null"},{"ancestorTitles":[],"failureMessages":[],"fullName":"renders something inside","location":null,"status":"passed","title":"renders something inside"},{"ancestorTitles":[],"failureMessages":[],"fullName":"can be clicked","location":null,"status":"passed","title":"can be clicked"},{"ancestorTitles":[],"failureMessages":[],"fullName":"does apply light style","location":null,"status":"passed","title":"does apply light style"}],"endTime":1527789294400,"message":"","name":"C:\\Users\\ediaz\\Documents\\llibreria\\test\\components\\Button\\index.test.js","startTime":1527789293065,"status":"passed","summary":""},{"assertionResults":[{"ancestorTitles":[],"failureMessages":[],"fullName":"mounts empty, renders null","location":null,"status":"passed","title":"mounts empty, renders null"},{"ancestorTitles":[],"failureMessages":[],"fullName":"renders something inside","location":null,"status":"passed","title":"renders something inside"},{"ancestorTitles":[],"failureMessages":[],"fullName":"does apply light style","location":null,"status":"passed","title":"does apply light style"}],"endTime":1527789294979,"message":"","name":"C:\\Users\\ediaz\\Documents\\llibreria\\test\\components\\Card\\index.test.js","startTime":1527789294462,"status":"passed","summary":""}],"wasInterrupted":false}