<?xml version="1.0" encoding="UTF-8"?>
<coverage generated="1527674683808" clover="3.2.0">
  <project timestamp="1527674683808" name="All files">
    <metrics statements="11" coveredstatements="6" conditionals="8" coveredconditionals="1" methods="10" coveredmethods="1" elements="29" coveredelements="8" complexity="0" loc="11" ncloc="11" packages="1" files="1" classes="1">
      <file name="index.js" path="C:\Users\ediaz\Documents\newart\src\components\Button\index.js">
        <metrics statements="11" coveredstatements="6" conditionals="8" coveredconditionals="1" methods="10" coveredmethods="1"/>
        <line num="6" count="1" type="stmt"/>
        <line num="14" count="0" type="stmt"/>
        <line num="17" count="0" type="stmt"/>
        <line num="20" count="0" type="stmt"/>
        <line num="24" count="3" type="stmt"/>
        <line num="25" count="3" type="stmt"/>
        <line num="26" count="3" type="cond" truecount="1" falsecount="1"/>
        <line num="31" count="0" type="stmt"/>
        <line num="56" count="0" type="stmt"/>
        <line num="64" count="1" type="stmt"/>
        <line num="72" count="1" type="stmt"/>
      </file>
    </metrics>
  </project>
</coverage>
