{"C:\\Users\\ediaz\\Documents\\newart\\src\\components\\InstallSteps\\index.js": {"path":"C:\\Users\\ediaz\\Documents\\newart\\src\\components\\InstallSteps\\index.js","statementMap":{"0":{"start":{"line":6,"column":17},"end":{"line":6,"column":22}},"1":{"start":{"line":14,"column":4},"end":{"line":14,"column":63}},"2":{"start":{"line":14,"column":36},"end":{"line":14,"column":60}},"3":{"start":{"line":17,"column":4},"end":{"line":17,"column":44}},"4":{"start":{"line":17,"column":25},"end":{"line":17,"column":41}},"5":{"start":{"line":20,"column":4},"end":{"line":20,"column":63}},"6":{"start":{"line":20,"column":36},"end":{"line":20,"column":60}},"7":{"start":{"line":24,"column":24},"end":{"line":24,"column":34}},"8":{"start":{"line":25,"column":22},"end":{"line":25,"column":32}},"9":{"start":{"line":26,"column":4},"end":{"line":60,"column":6}},"10":{"start":{"line":31,"column":14},"end":{"line":31,"column":88}},"11":{"start":{"line":31,"column":71},"end":{"line":31,"column":84}},"12":{"start":{"line":56,"column":50},"end":{"line":56,"column":89}},"13":{"start":{"line":64,"column":0},"end":{"line":70,"column":2}},"14":{"start":{"line":72,"column":0},"end":{"line":74,"column":2}}},"fnMap":{"0":{"name":"(anonymous_0)","decl":{"start":{"line":13,"column":9},"end":{"line":13,"column":10}},"loc":{"start":{"line":13,"column":15},"end":{"line":15,"column":3}},"line":13},"1":{"name":"(anonymous_1)","decl":{"start":{"line":14,"column":18},"end":{"line":14,"column":19}},"loc":{"start":{"line":14,"column":36},"end":{"line":14,"column":60}},"line":14},"2":{"name":"(anonymous_2)","decl":{"start":{"line":16,"column":8},"end":{"line":16,"column":9}},"loc":{"start":{"line":16,"column":17},"end":{"line":18,"column":3}},"line":16},"3":{"name":"(anonymous_3)","decl":{"start":{"line":17,"column":18},"end":{"line":17,"column":19}},"loc":{"start":{"line":17,"column":25},"end":{"line":17,"column":41}},"line":17},"4":{"name":"(anonymous_4)","decl":{"start":{"line":19,"column":9},"end":{"line":19,"column":10}},"loc":{"start":{"line":19,"column":15},"end":{"line":21,"column":3}},"line":19},"5":{"name":"(anonymous_5)","decl":{"start":{"line":20,"column":18},"end":{"line":20,"column":19}},"loc":{"start":{"line":20,"column":36},"end":{"line":20,"column":60}},"line":20},"6":{"name":"(anonymous_6)","decl":{"start":{"line":23,"column":2},"end":{"line":23,"column":3}},"loc":{"start":{"line":23,"column":11},"end":{"line":61,"column":3}},"line":23},"7":{"name":"(anonymous_7)","decl":{"start":{"line":30,"column":23},"end":{"line":30,"column":24}},"loc":{"start":{"line":31,"column":14},"end":{"line":31,"column":88}},"line":31},"8":{"name":"(anonymous_8)","decl":{"start":{"line":31,"column":65},"end":{"line":31,"column":66}},"loc":{"start":{"line":31,"column":71},"end":{"line":31,"column":84}},"line":31},"9":{"name":"(anonymous_9)","decl":{"start":{"line":56,"column":44},"end":{"line":56,"column":45}},"loc":{"start":{"line":56,"column":50},"end":{"line":56,"column":89}},"line":56}},"branchMap":{"0":{"loc":{"start":{"line":26,"column":11},"end":{"line":60,"column":5}},"type":"cond-expr","locations":[{"start":{"line":26,"column":32},"end":{"line":26,"column":36}},{"start":{"line":27,"column":6},"end":{"line":59,"column":17}}],"line":26},"1":{"loc":{"start":{"line":42,"column":12},"end":{"line":46,"column":21}},"type":"binary-expr","locations":[{"start":{"line":42,"column":12},"end":{"line":42,"column":34}},{"start":{"line":44,"column":12},"end":{"line":46,"column":21}}],"line":42},"2":{"loc":{"start":{"line":49,"column":12},"end":{"line":51,"column":68}},"type":"binary-expr","locations":[{"start":{"line":49,"column":12},"end":{"line":49,"column":49}},{"start":{"line":51,"column":12},"end":{"line":51,"column":68}}],"line":49},"3":{"loc":{"start":{"line":54,"column":12},"end":{"line":56,"column":104}},"type":"binary-expr","locations":[{"start":{"line":54,"column":12},"end":{"line":54,"column":51}},{"start":{"line":56,"column":12},"end":{"line":56,"column":104}}],"line":54}},"s":{"0":1,"1":0,"2":0,"3":0,"4":0,"5":0,"6":0,"7":3,"8":3,"9":3,"10":0,"11":0,"12":0,"13":1,"14":1},"f":{"0":0,"1":0,"2":0,"3":0,"4":0,"5":0,"6":3,"7":0,"8":0,"9":0},"b":{"0":[3,0],"1":[0,0],"2":[0,0],"3":[0,0]},"_coverageSchema":"332fd63041d2c1bcb487cc26dd0d5f7d97098a6c","hash":"fad916218dbd7b46bec3f815e2edc57723cdddb2"}
}
