TN:
SF:C:\Users\ediaz\Documents\newart\src\components\InstallSteps\index.js
FN:13,(anonymous_0)
FN:14,(anonymous_1)
FN:16,(anonymous_2)
FN:17,(anonymous_3)
FN:19,(anonymous_4)
FN:20,(anonymous_5)
FN:23,(anonymous_6)
FN:30,(anonymous_7)
FN:31,(anonymous_8)
FN:56,(anonymous_9)
FNF:10
FNH:1
FNDA:0,(anonymous_0)
FNDA:0,(anonymous_1)
FNDA:0,(anonymous_2)
FNDA:0,(anonymous_3)
FNDA:0,(anonymous_4)
FNDA:0,(anonymous_5)
FNDA:3,(anonymous_6)
FNDA:0,(anonymous_7)
FNDA:0,(anonymous_8)
FNDA:0,(anonymous_9)
DA:6,1
DA:14,0
DA:17,0
DA:20,0
DA:24,3
DA:25,3
DA:26,3
DA:31,0
DA:56,0
DA:64,1
DA:72,1
LF:11
LH:6
BRDA:26,0,0,3
BRDA:26,0,1,0
BRDA:42,1,0,0
BRDA:42,1,1,0
BRDA:49,2,0,0
BRDA:49,2,1,0
BRDA:54,3,0,0
BRDA:54,3,1,0
BRF:8
BRH:1
end_of_record
